d:\university\3 course\2 sem\os\labs\lab5\exceldll\exceldll\debug\exceldll.pch
d:\university\3 course\2 sem\os\labs\lab5\exceldll\exceldll\debug\vc142.pdb
d:\university\3 course\2 sem\os\labs\lab5\exceldll\exceldll\debug\vc142.idb
d:\university\3 course\2 sem\os\labs\lab5\exceldll\exceldll\debug\pch.obj
d:\university\3 course\2 sem\os\labs\lab5\exceldll\exceldll\debug\dllmain.obj
d:\university\3 course\2 sem\os\labs\lab5\exceldll\debug\exceldll.lib
d:\university\3 course\2 sem\os\labs\lab5\exceldll\debug\exceldll.exp
d:\university\3 course\2 sem\os\labs\lab5\exceldll\debug\exceldll.ilk
d:\university\3 course\2 sem\os\labs\lab5\exceldll\debug\exceldll.dll
d:\university\3 course\2 sem\os\labs\lab5\exceldll\debug\exceldll.pdb
d:\учёба\3 curs\2 сем\осисп\lab5\exceldll\debug\dllmain.obj
d:\учёба\3 curs\2 сем\осисп\lab5\exceldll\debug\pch.obj
d:\учёба\3 curs\2 сем\осисп\lab5\exceldll\debug\exceldll.pch
d:\учёба\3 curs\2 сем\осисп\lab5\exceldll\debug\vc142.idb
d:\учёба\3 curs\2 сем\осисп\lab5\exceldll\debug\vc142.pdb
d:\учёба\3 curs\2 сем\осисп\lab5\exceldll\debug\exceldll.tlog\cl.command.1.tlog
d:\учёба\3 curs\2 сем\осисп\lab5\exceldll\debug\exceldll.tlog\cl.read.1.tlog
d:\учёба\3 curs\2 сем\осисп\lab5\exceldll\debug\exceldll.tlog\cl.write.1.tlog
d:\учёба\3 curs\2 сем\осисп\lab5\exceldll\debug\exceldll.tlog\exceldll.write.1u.tlog
d:\учёба\3 curs\2 сем\осисп\lab5\exceldll\debug\exceldll.tlog\link.command.1.tlog
d:\учёба\3 curs\2 сем\осисп\lab5\exceldll\debug\exceldll.tlog\link.read.1.tlog
d:\учёба\3 curs\2 сем\осисп\lab5\exceldll\debug\exceldll.tlog\link.write.1.tlog
