\\mac\home\desktop\labs\12\oslab_16\x64\debug\lab_12.exe
\\mac\home\desktop\labs\12\oslab_16\x64\debug\lab_12.ilk
\\mac\home\desktop\labs\12\oslab_16\x64\debug\lab_12.pdb
\\mac\home\desktop\labs\12\oslab_16\oslab_18\x64\debug\oslab_18.res
\\mac\home\desktop\labs\12\oslab_16\oslab_18\x64\debug\lab_12.pch
\\mac\home\desktop\labs\12\oslab_16\oslab_18\x64\debug\vc142.pdb
\\mac\home\desktop\labs\12\oslab_16\oslab_18\x64\debug\vc142.idb
\\mac\home\desktop\labs\12\oslab_16\oslab_18\x64\debug\stdafx.obj
\\mac\home\desktop\labs\12\oslab_16\oslab_18\x64\debug\lab_12.obj
\\mac\home\desktop\labs\12\oslab_16\oslab_18\x64\debug\oslab_18.obj
\\mac\home\desktop\labs\12\oslab_16\oslab_18\x64\debug\oslab_18.pch
\\mac\home\desktop\labs\12\oslab_16\oslab_18\x64\debug\vc141.idb
\\mac\home\desktop\labs\12\oslab_16\oslab_18\x64\debug\vc141.pdb
\\mac\home\desktop\labs\12\oslab_16\oslab_18\x64\debug\lab_12.tlog\link.read.1.tlog
\\mac\home\desktop\labs\12\oslab_16\oslab_18\x64\debug\lab_12.tlog\link.command.1.tlog
\\mac\home\desktop\labs\12\oslab_16\oslab_18\x64\debug\lab_12.tlog\rc.command.1.tlog
\\mac\home\desktop\labs\12\oslab_16\oslab_18\x64\debug\lab_12.tlog\link.write.1.tlog
\\mac\home\desktop\labs\12\oslab_16\oslab_18\x64\debug\lab_12.tlog\cl.read.1.tlog
\\mac\home\desktop\labs\12\oslab_16\oslab_18\x64\debug\lab_12.tlog\rc.write.1.tlog
\\mac\home\desktop\labs\12\oslab_16\oslab_18\x64\debug\lab_12.tlog\cl.command.1.tlog
\\mac\home\desktop\labs\12\oslab_16\oslab_18\x64\debug\lab_12.tlog\rc.read.1.tlog
\\mac\home\desktop\labs\12\oslab_16\oslab_18\x64\debug\lab_12.tlog\cl.write.1.tlog
